ERROR - 2022-05-16 01:45:57 --> Not unique table/alias: 'item'
CRITICAL - 2022-05-16 01:45:57 --> Not unique table/alias: 'item'
#0 C:\xamppPHP8\htdocs\GamerPoint\system\Database\MySQLi\Connection.php(292): mysqli->query('SELECT *, `cate...', 0)
#1 C:\xamppPHP8\htdocs\GamerPoint\system\Database\BaseConnection.php(670): CodeIgniter\Database\MySQLi\Connection->execute('SELECT *, `cate...')
#2 C:\xamppPHP8\htdocs\GamerPoint\system\Database\BaseConnection.php(598): CodeIgniter\Database\BaseConnection->simpleQuery('SELECT *, `cate...')
#3 C:\xamppPHP8\htdocs\GamerPoint\system\Database\BaseBuilder.php(1455): CodeIgniter\Database\BaseConnection->query('SELECT *, `cate...', Array, false)
#4 C:\xamppPHP8\htdocs\GamerPoint\system\Model.php(183): CodeIgniter\Database\BaseBuilder->get()
#5 C:\xamppPHP8\htdocs\GamerPoint\system\BaseModel.php(584): CodeIgniter\Model->doFindAll(0, 0)
#6 C:\xamppPHP8\htdocs\GamerPoint\app\Models\ItensModel.php(12): CodeIgniter\BaseModel->findAll()
#7 C:\xamppPHP8\htdocs\GamerPoint\app\Controllers\itemController.php(59): App\Models\ItensModel->getAll()
#8 C:\xamppPHP8\htdocs\GamerPoint\system\CodeIgniter.php(832): App\Controllers\itemController->showItens()
#9 C:\xamppPHP8\htdocs\GamerPoint\system\CodeIgniter.php(419): CodeIgniter\CodeIgniter->runController(Object(App\Controllers\itemController))
#10 C:\xamppPHP8\htdocs\GamerPoint\system\CodeIgniter.php(326): CodeIgniter\CodeIgniter->handleRequest(NULL, Object(Config\Cache), false)
#11 C:\xamppPHP8\htdocs\GamerPoint\public\index.php(37): CodeIgniter\CodeIgniter->run()
#12 C:\xamppPHP8\htdocs\GamerPoint\system\Commands\Server\rewrite.php(43): require_once('C:\\xamppPHP8\\ht...')
#13 {main}
CRITICAL - 2022-05-16 01:46:13 --> Undefined array key "categorianome"
#0 C:\xamppPHP8\htdocs\GamerPoint\app\Views\showItens.php(41): CodeIgniter\Debug\Exceptions->errorHandler(2, 'Undefined array...', 'C:\\xamppPHP8\\ht...', 41)
#1 C:\xamppPHP8\htdocs\GamerPoint\system\View\View.php(210): include('C:\\xamppPHP8\\ht...')
#2 C:\xamppPHP8\htdocs\GamerPoint\system\View\View.php(213): CodeIgniter\View\View->CodeIgniter\View\{closure}()
#3 C:\xamppPHP8\htdocs\GamerPoint\system\Common.php(1089): CodeIgniter\View\View->render('showItens', Array, true)
#4 C:\xamppPHP8\htdocs\GamerPoint\app\Controllers\itemController.php(60): view('showItens', Array)
#5 C:\xamppPHP8\htdocs\GamerPoint\system\CodeIgniter.php(832): App\Controllers\itemController->showItens()
#6 C:\xamppPHP8\htdocs\GamerPoint\system\CodeIgniter.php(419): CodeIgniter\CodeIgniter->runController(Object(App\Controllers\itemController))
#7 C:\xamppPHP8\htdocs\GamerPoint\system\CodeIgniter.php(326): CodeIgniter\CodeIgniter->handleRequest(NULL, Object(Config\Cache), false)
#8 C:\xamppPHP8\htdocs\GamerPoint\public\index.php(37): CodeIgniter\CodeIgniter->run()
#9 C:\xamppPHP8\htdocs\GamerPoint\system\Commands\Server\rewrite.php(43): require_once('C:\\xamppPHP8\\ht...')
#10 {main}
ERROR - 2022-05-16 01:46:29 --> Unknown column '* from' in 'field list'
CRITICAL - 2022-05-16 01:46:29 --> Unknown column '* from' in 'field list'
#0 C:\xamppPHP8\htdocs\GamerPoint\system\Database\MySQLi\Connection.php(292): mysqli->query('SELECT `* from`...', 0)
#1 C:\xamppPHP8\htdocs\GamerPoint\system\Database\BaseConnection.php(670): CodeIgniter\Database\MySQLi\Connection->execute('SELECT `* from`...')
#2 C:\xamppPHP8\htdocs\GamerPoint\system\Database\BaseConnection.php(598): CodeIgniter\Database\BaseConnection->simpleQuery('SELECT `* from`...')
#3 C:\xamppPHP8\htdocs\GamerPoint\system\Database\BaseBuilder.php(1455): CodeIgniter\Database\BaseConnection->query('SELECT `* from`...', Array, false)
#4 C:\xamppPHP8\htdocs\GamerPoint\system\Model.php(183): CodeIgniter\Database\BaseBuilder->get()
#5 C:\xamppPHP8\htdocs\GamerPoint\system\BaseModel.php(584): CodeIgniter\Model->doFindAll(0, 0)
#6 C:\xamppPHP8\htdocs\GamerPoint\app\Models\ItensModel.php(12): CodeIgniter\BaseModel->findAll()
#7 C:\xamppPHP8\htdocs\GamerPoint\app\Controllers\itemController.php(59): App\Models\ItensModel->getAll()
#8 C:\xamppPHP8\htdocs\GamerPoint\system\CodeIgniter.php(832): App\Controllers\itemController->showItens()
#9 C:\xamppPHP8\htdocs\GamerPoint\system\CodeIgniter.php(419): CodeIgniter\CodeIgniter->runController(Object(App\Controllers\itemController))
#10 C:\xamppPHP8\htdocs\GamerPoint\system\CodeIgniter.php(326): CodeIgniter\CodeIgniter->handleRequest(NULL, Object(Config\Cache), false)
#11 C:\xamppPHP8\htdocs\GamerPoint\public\index.php(37): CodeIgniter\CodeIgniter->run()
#12 C:\xamppPHP8\htdocs\GamerPoint\system\Commands\Server\rewrite.php(43): require_once('C:\\xamppPHP8\\ht...')
#13 {main}
ERROR - 2022-05-16 01:46:53 --> Unknown column 'preco from' in 'field list'
CRITICAL - 2022-05-16 01:46:53 --> Unknown column 'preco from' in 'field list'
#0 C:\xamppPHP8\htdocs\GamerPoint\system\Database\MySQLi\Connection.php(292): mysqli->query('SELECT `preco f...', 0)
#1 C:\xamppPHP8\htdocs\GamerPoint\system\Database\BaseConnection.php(670): CodeIgniter\Database\MySQLi\Connection->execute('SELECT `preco f...')
#2 C:\xamppPHP8\htdocs\GamerPoint\system\Database\BaseConnection.php(598): CodeIgniter\Database\BaseConnection->simpleQuery('SELECT `preco f...')
#3 C:\xamppPHP8\htdocs\GamerPoint\system\Database\BaseBuilder.php(1455): CodeIgniter\Database\BaseConnection->query('SELECT `preco f...', Array, false)
#4 C:\xamppPHP8\htdocs\GamerPoint\system\Model.php(183): CodeIgniter\Database\BaseBuilder->get()
#5 C:\xamppPHP8\htdocs\GamerPoint\system\BaseModel.php(584): CodeIgniter\Model->doFindAll(0, 0)
#6 C:\xamppPHP8\htdocs\GamerPoint\app\Models\ItensModel.php(12): CodeIgniter\BaseModel->findAll()
#7 C:\xamppPHP8\htdocs\GamerPoint\app\Controllers\itemController.php(59): App\Models\ItensModel->getAll()
#8 C:\xamppPHP8\htdocs\GamerPoint\system\CodeIgniter.php(832): App\Controllers\itemController->showItens()
#9 C:\xamppPHP8\htdocs\GamerPoint\system\CodeIgniter.php(419): CodeIgniter\CodeIgniter->runController(Object(App\Controllers\itemController))
#10 C:\xamppPHP8\htdocs\GamerPoint\system\CodeIgniter.php(326): CodeIgniter\CodeIgniter->handleRequest(NULL, Object(Config\Cache), false)
#11 C:\xamppPHP8\htdocs\GamerPoint\public\index.php(37): CodeIgniter\CodeIgniter->run()
#12 C:\xamppPHP8\htdocs\GamerPoint\system\Commands\Server\rewrite.php(43): require_once('C:\\xamppPHP8\\ht...')
#13 {main}
ERROR - 2022-05-16 01:47:38 --> Not unique table/alias: 'item'
CRITICAL - 2022-05-16 01:47:38 --> Not unique table/alias: 'item'
#0 C:\xamppPHP8\htdocs\GamerPoint\system\Database\MySQLi\Connection.php(292): mysqli->query('SELECT *, `cate...', 0)
#1 C:\xamppPHP8\htdocs\GamerPoint\system\Database\BaseConnection.php(670): CodeIgniter\Database\MySQLi\Connection->execute('SELECT *, `cate...')
#2 C:\xamppPHP8\htdocs\GamerPoint\system\Database\BaseConnection.php(598): CodeIgniter\Database\BaseConnection->simpleQuery('SELECT *, `cate...')
#3 C:\xamppPHP8\htdocs\GamerPoint\system\Database\BaseBuilder.php(1455): CodeIgniter\Database\BaseConnection->query('SELECT *, `cate...', Array, false)
#4 C:\xamppPHP8\htdocs\GamerPoint\system\Model.php(183): CodeIgniter\Database\BaseBuilder->get()
#5 C:\xamppPHP8\htdocs\GamerPoint\system\BaseModel.php(584): CodeIgniter\Model->doFindAll(0, 0)
#6 C:\xamppPHP8\htdocs\GamerPoint\app\Models\ItensModel.php(12): CodeIgniter\BaseModel->findAll()
#7 C:\xamppPHP8\htdocs\GamerPoint\app\Controllers\itemController.php(59): App\Models\ItensModel->getAll()
#8 C:\xamppPHP8\htdocs\GamerPoint\system\CodeIgniter.php(832): App\Controllers\itemController->showItens()
#9 C:\xamppPHP8\htdocs\GamerPoint\system\CodeIgniter.php(419): CodeIgniter\CodeIgniter->runController(Object(App\Controllers\itemController))
#10 C:\xamppPHP8\htdocs\GamerPoint\system\CodeIgniter.php(326): CodeIgniter\CodeIgniter->handleRequest(NULL, Object(Config\Cache), false)
#11 C:\xamppPHP8\htdocs\GamerPoint\public\index.php(37): CodeIgniter\CodeIgniter->run()
#12 C:\xamppPHP8\htdocs\GamerPoint\system\Commands\Server\rewrite.php(43): require_once('C:\\xamppPHP8\\ht...')
#13 {main}
CRITICAL - 2022-05-16 01:49:17 --> Undefined array key "gamegenero"
#0 C:\xamppPHP8\htdocs\GamerPoint\app\Views\showItens.php(42): CodeIgniter\Debug\Exceptions->errorHandler(2, 'Undefined array...', 'C:\\xamppPHP8\\ht...', 42)
#1 C:\xamppPHP8\htdocs\GamerPoint\system\View\View.php(210): include('C:\\xamppPHP8\\ht...')
#2 C:\xamppPHP8\htdocs\GamerPoint\system\View\View.php(213): CodeIgniter\View\View->CodeIgniter\View\{closure}()
#3 C:\xamppPHP8\htdocs\GamerPoint\system\Common.php(1089): CodeIgniter\View\View->render('showItens', Array, true)
#4 C:\xamppPHP8\htdocs\GamerPoint\app\Controllers\itemController.php(60): view('showItens', Array)
#5 C:\xamppPHP8\htdocs\GamerPoint\system\CodeIgniter.php(832): App\Controllers\itemController->showItens()
#6 C:\xamppPHP8\htdocs\GamerPoint\system\CodeIgniter.php(419): CodeIgniter\CodeIgniter->runController(Object(App\Controllers\itemController))
#7 C:\xamppPHP8\htdocs\GamerPoint\system\CodeIgniter.php(326): CodeIgniter\CodeIgniter->handleRequest(NULL, Object(Config\Cache), false)
#8 C:\xamppPHP8\htdocs\GamerPoint\public\index.php(37): CodeIgniter\CodeIgniter->run()
#9 C:\xamppPHP8\htdocs\GamerPoint\system\Commands\Server\rewrite.php(43): require_once('C:\\xamppPHP8\\ht...')
#10 {main}
ERROR - 2022-05-16 01:54:29 --> Unknown column 'null' in 'on clause'
CRITICAL - 2022-05-16 01:54:29 --> Unknown column 'null' in 'on clause'
#0 C:\xamppPHP8\htdocs\GamerPoint\system\Database\MySQLi\Connection.php(292): mysqli->query('SELECT `item`.`...', 0)
#1 C:\xamppPHP8\htdocs\GamerPoint\system\Database\BaseConnection.php(670): CodeIgniter\Database\MySQLi\Connection->execute('SELECT `item`.`...')
#2 C:\xamppPHP8\htdocs\GamerPoint\system\Database\BaseConnection.php(598): CodeIgniter\Database\BaseConnection->simpleQuery('SELECT `item`.`...')
#3 C:\xamppPHP8\htdocs\GamerPoint\system\Database\BaseBuilder.php(1455): CodeIgniter\Database\BaseConnection->query('SELECT `item`.`...', Array, false)
#4 C:\xamppPHP8\htdocs\GamerPoint\system\Model.php(183): CodeIgniter\Database\BaseBuilder->get()
#5 C:\xamppPHP8\htdocs\GamerPoint\system\BaseModel.php(584): CodeIgniter\Model->doFindAll(0, 0)
#6 C:\xamppPHP8\htdocs\GamerPoint\app\Models\ItensModel.php(12): CodeIgniter\BaseModel->findAll()
#7 C:\xamppPHP8\htdocs\GamerPoint\app\Controllers\itemController.php(59): App\Models\ItensModel->getAll()
#8 C:\xamppPHP8\htdocs\GamerPoint\system\CodeIgniter.php(832): App\Controllers\itemController->showItens()
#9 C:\xamppPHP8\htdocs\GamerPoint\system\CodeIgniter.php(419): CodeIgniter\CodeIgniter->runController(Object(App\Controllers\itemController))
#10 C:\xamppPHP8\htdocs\GamerPoint\system\CodeIgniter.php(326): CodeIgniter\CodeIgniter->handleRequest(NULL, Object(Config\Cache), false)
#11 C:\xamppPHP8\htdocs\GamerPoint\public\index.php(37): CodeIgniter\CodeIgniter->run()
#12 C:\xamppPHP8\htdocs\GamerPoint\system\Commands\Server\rewrite.php(43): require_once('C:\\xamppPHP8\\ht...')
#13 {main}
CRITICAL - 2022-05-16 01:55:20 --> Call to undefined method App\Models\ItensModel::leftjoin
#0 C:\xamppPHP8\htdocs\GamerPoint\app\Models\ItensModel.php(12): CodeIgniter\Model->__call('leftjoin', Array)
#1 C:\xamppPHP8\htdocs\GamerPoint\app\Controllers\itemController.php(59): App\Models\ItensModel->getAll()
#2 C:\xamppPHP8\htdocs\GamerPoint\system\CodeIgniter.php(832): App\Controllers\itemController->showItens()
#3 C:\xamppPHP8\htdocs\GamerPoint\system\CodeIgniter.php(419): CodeIgniter\CodeIgniter->runController(Object(App\Controllers\itemController))
#4 C:\xamppPHP8\htdocs\GamerPoint\system\CodeIgniter.php(326): CodeIgniter\CodeIgniter->handleRequest(NULL, Object(Config\Cache), false)
#5 C:\xamppPHP8\htdocs\GamerPoint\public\index.php(37): CodeIgniter\CodeIgniter->run()
#6 C:\xamppPHP8\htdocs\GamerPoint\system\Commands\Server\rewrite.php(43): require_once('C:\\xamppPHP8\\ht...')
#7 {main}
CRITICAL - 2022-05-16 01:55:21 --> Call to undefined method App\Models\ItensModel::leftjoin
#0 C:\xamppPHP8\htdocs\GamerPoint\app\Models\ItensModel.php(12): CodeIgniter\Model->__call('leftjoin', Array)
#1 C:\xamppPHP8\htdocs\GamerPoint\app\Controllers\itemController.php(59): App\Models\ItensModel->getAll()
#2 C:\xamppPHP8\htdocs\GamerPoint\system\CodeIgniter.php(832): App\Controllers\itemController->showItens()
#3 C:\xamppPHP8\htdocs\GamerPoint\system\CodeIgniter.php(419): CodeIgniter\CodeIgniter->runController(Object(App\Controllers\itemController))
#4 C:\xamppPHP8\htdocs\GamerPoint\system\CodeIgniter.php(326): CodeIgniter\CodeIgniter->handleRequest(NULL, Object(Config\Cache), false)
#5 C:\xamppPHP8\htdocs\GamerPoint\public\index.php(37): CodeIgniter\CodeIgniter->run()
#6 C:\xamppPHP8\htdocs\GamerPoint\system\Commands\Server\rewrite.php(43): require_once('C:\\xamppPHP8\\ht...')
#7 {main}
CRITICAL - 2022-05-16 02:04:55 --> syntax error, unexpected double-quoted string "></td>", expecting "," or ";"
#0 C:\xamppPHP8\htdocs\GamerPoint\system\View\View.php(213): CodeIgniter\View\View->CodeIgniter\View\{closure}()
#1 C:\xamppPHP8\htdocs\GamerPoint\system\Common.php(1089): CodeIgniter\View\View->render('showItens', Array, true)
#2 C:\xamppPHP8\htdocs\GamerPoint\app\Controllers\itemController.php(60): view('showItens', Array)
#3 C:\xamppPHP8\htdocs\GamerPoint\system\CodeIgniter.php(832): App\Controllers\itemController->showItens()
#4 C:\xamppPHP8\htdocs\GamerPoint\system\CodeIgniter.php(419): CodeIgniter\CodeIgniter->runController(Object(App\Controllers\itemController))
#5 C:\xamppPHP8\htdocs\GamerPoint\system\CodeIgniter.php(326): CodeIgniter\CodeIgniter->handleRequest(NULL, Object(Config\Cache), false)
#6 C:\xamppPHP8\htdocs\GamerPoint\public\index.php(37): CodeIgniter\CodeIgniter->run()
#7 C:\xamppPHP8\htdocs\GamerPoint\system\Commands\Server\rewrite.php(43): require_once('C:\\xamppPHP8\\ht...')
#8 {main}
CRITICAL - 2022-05-16 20:47:13 --> Array to string conversion
#0 C:\xamppPHP8\htdocs\GamerPoint\app\Controllers\carrinhoController.php(25): CodeIgniter\Debug\Exceptions->errorHandler(2, 'Array to string...', 'C:\\xamppPHP8\\ht...', 25)
#1 C:\xamppPHP8\htdocs\GamerPoint\system\CodeIgniter.php(832): App\Controllers\carrinhoController->cadastrarCarrinho()
#2 C:\xamppPHP8\htdocs\GamerPoint\system\CodeIgniter.php(419): CodeIgniter\CodeIgniter->runController(Object(App\Controllers\carrinhoController))
#3 C:\xamppPHP8\htdocs\GamerPoint\system\CodeIgniter.php(326): CodeIgniter\CodeIgniter->handleRequest(NULL, Object(Config\Cache), false)
#4 C:\xamppPHP8\htdocs\GamerPoint\public\index.php(37): CodeIgniter\CodeIgniter->run()
#5 C:\xamppPHP8\htdocs\GamerPoint\system\Commands\Server\rewrite.php(43): require_once('C:\\xamppPHP8\\ht...')
#6 {main}
CRITICAL - 2022-05-16 20:47:38 --> Array to string conversion
#0 C:\xamppPHP8\htdocs\GamerPoint\app\Controllers\carrinhoController.php(25): CodeIgniter\Debug\Exceptions->errorHandler(2, 'Array to string...', 'C:\\xamppPHP8\\ht...', 25)
#1 C:\xamppPHP8\htdocs\GamerPoint\system\CodeIgniter.php(832): App\Controllers\carrinhoController->cadastrarCarrinho()
#2 C:\xamppPHP8\htdocs\GamerPoint\system\CodeIgniter.php(419): CodeIgniter\CodeIgniter->runController(Object(App\Controllers\carrinhoController))
#3 C:\xamppPHP8\htdocs\GamerPoint\system\CodeIgniter.php(326): CodeIgniter\CodeIgniter->handleRequest(NULL, Object(Config\Cache), false)
#4 C:\xamppPHP8\htdocs\GamerPoint\public\index.php(37): CodeIgniter\CodeIgniter->run()
#5 C:\xamppPHP8\htdocs\GamerPoint\system\Commands\Server\rewrite.php(43): require_once('C:\\xamppPHP8\\ht...')
#6 {main}
