CRITICAL - 2022-05-14 00:12:53 --> Class "App\Models\userModel\UsersModel" not found
#0 C:\xamppPHP8\htdocs\GamerPoint\system\CodeIgniter.php(832): App\Controllers\Home->cadastrarusuario()
#1 C:\xamppPHP8\htdocs\GamerPoint\system\CodeIgniter.php(419): CodeIgniter\CodeIgniter->runController(Object(App\Controllers\Home))
#2 C:\xamppPHP8\htdocs\GamerPoint\system\CodeIgniter.php(326): CodeIgniter\CodeIgniter->handleRequest(NULL, Object(Config\Cache), false)
#3 C:\xamppPHP8\htdocs\GamerPoint\public\index.php(37): CodeIgniter\CodeIgniter->run()
#4 C:\xamppPHP8\htdocs\GamerPoint\system\Commands\Server\rewrite.php(43): require_once('C:\\xamppPHP8\\ht...')
#5 {main}
CRITICAL - 2022-05-14 00:13:41 --> Class "App\Models\userModel\UsersModel" not found
#0 C:\xamppPHP8\htdocs\GamerPoint\system\CodeIgniter.php(832): App\Controllers\Home->cadastrarusuario()
#1 C:\xamppPHP8\htdocs\GamerPoint\system\CodeIgniter.php(419): CodeIgniter\CodeIgniter->runController(Object(App\Controllers\Home))
#2 C:\xamppPHP8\htdocs\GamerPoint\system\CodeIgniter.php(326): CodeIgniter\CodeIgniter->handleRequest(NULL, Object(Config\Cache), false)
#3 C:\xamppPHP8\htdocs\GamerPoint\public\index.php(37): CodeIgniter\CodeIgniter->run()
#4 C:\xamppPHP8\htdocs\GamerPoint\system\Commands\Server\rewrite.php(43): require_once('C:\\xamppPHP8\\ht...')
#5 {main}
CRITICAL - 2022-05-14 00:14:03 --> Class "App\Models\userModel\UsersModel" not found
#0 C:\xamppPHP8\htdocs\GamerPoint\system\CodeIgniter.php(832): App\Controllers\Home->cadastrarusuario()
#1 C:\xamppPHP8\htdocs\GamerPoint\system\CodeIgniter.php(419): CodeIgniter\CodeIgniter->runController(Object(App\Controllers\Home))
#2 C:\xamppPHP8\htdocs\GamerPoint\system\CodeIgniter.php(326): CodeIgniter\CodeIgniter->handleRequest(NULL, Object(Config\Cache), false)
#3 C:\xamppPHP8\htdocs\GamerPoint\public\index.php(37): CodeIgniter\CodeIgniter->run()
#4 C:\xamppPHP8\htdocs\GamerPoint\system\Commands\Server\rewrite.php(43): require_once('C:\\xamppPHP8\\ht...')
#5 {main}
CRITICAL - 2022-05-14 00:14:22 --> Class "App\Models\userModel\UsersModel" not found
#0 C:\xamppPHP8\htdocs\GamerPoint\system\CodeIgniter.php(832): App\Controllers\Home->cadastrarusuario()
#1 C:\xamppPHP8\htdocs\GamerPoint\system\CodeIgniter.php(419): CodeIgniter\CodeIgniter->runController(Object(App\Controllers\Home))
#2 C:\xamppPHP8\htdocs\GamerPoint\system\CodeIgniter.php(326): CodeIgniter\CodeIgniter->handleRequest(NULL, Object(Config\Cache), false)
#3 C:\xamppPHP8\htdocs\GamerPoint\public\index.php(37): CodeIgniter\CodeIgniter->run()
#4 C:\xamppPHP8\htdocs\GamerPoint\system\Commands\Server\rewrite.php(43): require_once('C:\\xamppPHP8\\ht...')
#5 {main}
CRITICAL - 2022-05-14 00:14:25 --> Class "App\Models\userModel\UsersModel" not found
#0 C:\xamppPHP8\htdocs\GamerPoint\system\CodeIgniter.php(832): App\Controllers\Home->cadastrarusuario()
#1 C:\xamppPHP8\htdocs\GamerPoint\system\CodeIgniter.php(419): CodeIgniter\CodeIgniter->runController(Object(App\Controllers\Home))
#2 C:\xamppPHP8\htdocs\GamerPoint\system\CodeIgniter.php(326): CodeIgniter\CodeIgniter->handleRequest(NULL, Object(Config\Cache), false)
#3 C:\xamppPHP8\htdocs\GamerPoint\public\index.php(37): CodeIgniter\CodeIgniter->run()
#4 C:\xamppPHP8\htdocs\GamerPoint\system\Commands\Server\rewrite.php(43): require_once('C:\\xamppPHP8\\ht...')
#5 {main}
CRITICAL - 2022-05-14 00:16:37 --> Class "App\Models\userModel\UsersModel" not found
#0 C:\xamppPHP8\htdocs\GamerPoint\system\CodeIgniter.php(832): App\Controllers\Home->cadastrarusuario()
#1 C:\xamppPHP8\htdocs\GamerPoint\system\CodeIgniter.php(419): CodeIgniter\CodeIgniter->runController(Object(App\Controllers\Home))
#2 C:\xamppPHP8\htdocs\GamerPoint\system\CodeIgniter.php(326): CodeIgniter\CodeIgniter->handleRequest(NULL, Object(Config\Cache), false)
#3 C:\xamppPHP8\htdocs\GamerPoint\public\index.php(37): CodeIgniter\CodeIgniter->run()
#4 C:\xamppPHP8\htdocs\GamerPoint\system\Commands\Server\rewrite.php(43): require_once('C:\\xamppPHP8\\ht...')
#5 {main}
CRITICAL - 2022-05-14 00:27:05 --> Class "App\Models\usersModel\UsersModel" not found
#0 C:\xamppPHP8\htdocs\GamerPoint\system\CodeIgniter.php(832): App\Controllers\Home->cadastrarusuario()
#1 C:\xamppPHP8\htdocs\GamerPoint\system\CodeIgniter.php(419): CodeIgniter\CodeIgniter->runController(Object(App\Controllers\Home))
#2 C:\xamppPHP8\htdocs\GamerPoint\system\CodeIgniter.php(326): CodeIgniter\CodeIgniter->handleRequest(NULL, Object(Config\Cache), false)
#3 C:\xamppPHP8\htdocs\GamerPoint\public\index.php(37): CodeIgniter\CodeIgniter->run()
#4 C:\xamppPHP8\htdocs\GamerPoint\system\Commands\Server\rewrite.php(43): require_once('C:\\xamppPHP8\\ht...')
#5 {main}
CRITICAL - 2022-05-14 00:28:16 --> Class "App\Model\UsersModel" not found
#0 C:\xamppPHP8\htdocs\GamerPoint\system\CodeIgniter.php(832): App\Controllers\Home->cadastrarusuario()
#1 C:\xamppPHP8\htdocs\GamerPoint\system\CodeIgniter.php(419): CodeIgniter\CodeIgniter->runController(Object(App\Controllers\Home))
#2 C:\xamppPHP8\htdocs\GamerPoint\system\CodeIgniter.php(326): CodeIgniter\CodeIgniter->handleRequest(NULL, Object(Config\Cache), false)
#3 C:\xamppPHP8\htdocs\GamerPoint\public\index.php(37): CodeIgniter\CodeIgniter->run()
#4 C:\xamppPHP8\htdocs\GamerPoint\system\Commands\Server\rewrite.php(43): require_once('C:\\xamppPHP8\\ht...')
#5 {main}
CRITICAL - 2022-05-14 01:15:43 --> Namespace declaration statement has to be the very first statement or after any declare call in the script
#0 [internal function]: CodeIgniter\Debug\Exceptions->shutdownHandler()
#1 {main}
CRITICAL - 2022-05-14 01:15:53 --> Namespace declaration statement has to be the very first statement or after any declare call in the script
#0 [internal function]: CodeIgniter\Debug\Exceptions->shutdownHandler()
#1 {main}
CRITICAL - 2022-05-14 01:17:00 --> Namespace declaration statement has to be the very first statement or after any declare call in the script
#0 [internal function]: CodeIgniter\Debug\Exceptions->shutdownHandler()
#1 {main}
CRITICAL - 2022-05-14 01:17:04 --> Namespace declaration statement has to be the very first statement or after any declare call in the script
#0 [internal function]: CodeIgniter\Debug\Exceptions->shutdownHandler()
#1 {main}
CRITICAL - 2022-05-14 01:17:17 --> Namespace declaration statement has to be the very first statement or after any declare call in the script
#0 [internal function]: CodeIgniter\Debug\Exceptions->shutdownHandler()
#1 {main}
CRITICAL - 2022-05-14 01:17:19 --> Namespace declaration statement has to be the very first statement or after any declare call in the script
#0 [internal function]: CodeIgniter\Debug\Exceptions->shutdownHandler()
#1 {main}
CRITICAL - 2022-05-14 03:23:15 --> Undefined property: App\Controllers\userController::$session
#0 C:\xamppPHP8\htdocs\GamerPoint\app\Controllers\userController.php(26): CodeIgniter\Debug\Exceptions->errorHandler(2, 'Undefined prope...', 'C:\\xamppPHP8\\ht...', 26)
#1 C:\xamppPHP8\htdocs\GamerPoint\system\CodeIgniter.php(832): App\Controllers\userController->cadastrarusuario()
#2 C:\xamppPHP8\htdocs\GamerPoint\system\CodeIgniter.php(419): CodeIgniter\CodeIgniter->runController(Object(App\Controllers\userController))
#3 C:\xamppPHP8\htdocs\GamerPoint\system\CodeIgniter.php(326): CodeIgniter\CodeIgniter->handleRequest(NULL, Object(Config\Cache), false)
#4 C:\xamppPHP8\htdocs\GamerPoint\public\index.php(37): CodeIgniter\CodeIgniter->run()
#5 C:\xamppPHP8\htdocs\GamerPoint\system\Commands\Server\rewrite.php(43): require_once('C:\\xamppPHP8\\ht...')
#6 {main}
CRITICAL - 2022-05-14 03:25:55 --> Undefined property: App\Controllers\userController::$session
#0 C:\xamppPHP8\htdocs\GamerPoint\app\Controllers\userController.php(26): CodeIgniter\Debug\Exceptions->errorHandler(2, 'Undefined prope...', 'C:\\xamppPHP8\\ht...', 26)
#1 C:\xamppPHP8\htdocs\GamerPoint\system\CodeIgniter.php(832): App\Controllers\userController->cadastrarusuario()
#2 C:\xamppPHP8\htdocs\GamerPoint\system\CodeIgniter.php(419): CodeIgniter\CodeIgniter->runController(Object(App\Controllers\userController))
#3 C:\xamppPHP8\htdocs\GamerPoint\system\CodeIgniter.php(326): CodeIgniter\CodeIgniter->handleRequest(NULL, Object(Config\Cache), false)
#4 C:\xamppPHP8\htdocs\GamerPoint\public\index.php(37): CodeIgniter\CodeIgniter->run()
#5 C:\xamppPHP8\htdocs\GamerPoint\system\Commands\Server\rewrite.php(43): require_once('C:\\xamppPHP8\\ht...')
#6 {main}
CRITICAL - 2022-05-14 03:25:59 --> Undefined property: App\Controllers\userController::$session
#0 C:\xamppPHP8\htdocs\GamerPoint\app\Controllers\userController.php(26): CodeIgniter\Debug\Exceptions->errorHandler(2, 'Undefined prope...', 'C:\\xamppPHP8\\ht...', 26)
#1 C:\xamppPHP8\htdocs\GamerPoint\system\CodeIgniter.php(832): App\Controllers\userController->cadastrarusuario()
#2 C:\xamppPHP8\htdocs\GamerPoint\system\CodeIgniter.php(419): CodeIgniter\CodeIgniter->runController(Object(App\Controllers\userController))
#3 C:\xamppPHP8\htdocs\GamerPoint\system\CodeIgniter.php(326): CodeIgniter\CodeIgniter->handleRequest(NULL, Object(Config\Cache), false)
#4 C:\xamppPHP8\htdocs\GamerPoint\public\index.php(37): CodeIgniter\CodeIgniter->run()
#5 C:\xamppPHP8\htdocs\GamerPoint\system\Commands\Server\rewrite.php(43): require_once('C:\\xamppPHP8\\ht...')
#6 {main}
CRITICAL - 2022-05-14 17:25:47 --> Class "App\Model\CategoriasModel" not found
#0 C:\xamppPHP8\htdocs\GamerPoint\system\CodeIgniter.php(832): App\Controllers\itemController->showInsert()
#1 C:\xamppPHP8\htdocs\GamerPoint\system\CodeIgniter.php(419): CodeIgniter\CodeIgniter->runController(Object(App\Controllers\itemController))
#2 C:\xamppPHP8\htdocs\GamerPoint\system\CodeIgniter.php(326): CodeIgniter\CodeIgniter->handleRequest(NULL, Object(Config\Cache), false)
#3 C:\xamppPHP8\htdocs\GamerPoint\public\index.php(37): CodeIgniter\CodeIgniter->run()
#4 C:\xamppPHP8\htdocs\GamerPoint\system\Commands\Server\rewrite.php(43): require_once('C:\\xamppPHP8\\ht...')
#5 {main}
CRITICAL - 2022-05-14 17:32:02 --> Class "App\Model\CategoriasModel" not found
#0 C:\xamppPHP8\htdocs\GamerPoint\system\CodeIgniter.php(832): App\Controllers\itemController->showInsert()
#1 C:\xamppPHP8\htdocs\GamerPoint\system\CodeIgniter.php(419): CodeIgniter\CodeIgniter->runController(Object(App\Controllers\itemController))
#2 C:\xamppPHP8\htdocs\GamerPoint\system\CodeIgniter.php(326): CodeIgniter\CodeIgniter->handleRequest(NULL, Object(Config\Cache), false)
#3 C:\xamppPHP8\htdocs\GamerPoint\public\index.php(37): CodeIgniter\CodeIgniter->run()
#4 C:\xamppPHP8\htdocs\GamerPoint\system\Commands\Server\rewrite.php(43): require_once('C:\\xamppPHP8\\ht...')
#5 {main}
CRITICAL - 2022-05-14 17:34:24 --> Class "App\Model\CategoriasModel" not found
#0 C:\xamppPHP8\htdocs\GamerPoint\system\CodeIgniter.php(832): App\Controllers\itemController->showInsert()
#1 C:\xamppPHP8\htdocs\GamerPoint\system\CodeIgniter.php(419): CodeIgniter\CodeIgniter->runController(Object(App\Controllers\itemController))
#2 C:\xamppPHP8\htdocs\GamerPoint\system\CodeIgniter.php(326): CodeIgniter\CodeIgniter->handleRequest(NULL, Object(Config\Cache), false)
#3 C:\xamppPHP8\htdocs\GamerPoint\public\index.php(37): CodeIgniter\CodeIgniter->run()
#4 C:\xamppPHP8\htdocs\GamerPoint\system\Commands\Server\rewrite.php(43): require_once('C:\\xamppPHP8\\ht...')
#5 {main}
CRITICAL - 2022-05-14 17:34:43 --> Class "App\Model\CategoriasModel" not found
#0 C:\xamppPHP8\htdocs\GamerPoint\system\CodeIgniter.php(832): App\Controllers\itemController->showInsert()
#1 C:\xamppPHP8\htdocs\GamerPoint\system\CodeIgniter.php(419): CodeIgniter\CodeIgniter->runController(Object(App\Controllers\itemController))
#2 C:\xamppPHP8\htdocs\GamerPoint\system\CodeIgniter.php(326): CodeIgniter\CodeIgniter->handleRequest(NULL, Object(Config\Cache), false)
#3 C:\xamppPHP8\htdocs\GamerPoint\public\index.php(37): CodeIgniter\CodeIgniter->run()
#4 C:\xamppPHP8\htdocs\GamerPoint\system\Commands\Server\rewrite.php(43): require_once('C:\\xamppPHP8\\ht...')
#5 {main}
CRITICAL - 2022-05-14 17:34:48 --> Class "App\Model\CategoriasModel" not found
#0 C:\xamppPHP8\htdocs\GamerPoint\system\CodeIgniter.php(832): App\Controllers\itemController->showInsert()
#1 C:\xamppPHP8\htdocs\GamerPoint\system\CodeIgniter.php(419): CodeIgniter\CodeIgniter->runController(Object(App\Controllers\itemController))
#2 C:\xamppPHP8\htdocs\GamerPoint\system\CodeIgniter.php(326): CodeIgniter\CodeIgniter->handleRequest(NULL, Object(Config\Cache), false)
#3 C:\xamppPHP8\htdocs\GamerPoint\public\index.php(37): CodeIgniter\CodeIgniter->run()
#4 C:\xamppPHP8\htdocs\GamerPoint\system\Commands\Server\rewrite.php(43): require_once('C:\\xamppPHP8\\ht...')
#5 {main}
CRITICAL - 2022-05-14 17:35:26 --> Class "App\Model\cate\CategoriasModel" not found
#0 C:\xamppPHP8\htdocs\GamerPoint\system\CodeIgniter.php(832): App\Controllers\itemController->showInsert()
#1 C:\xamppPHP8\htdocs\GamerPoint\system\CodeIgniter.php(419): CodeIgniter\CodeIgniter->runController(Object(App\Controllers\itemController))
#2 C:\xamppPHP8\htdocs\GamerPoint\system\CodeIgniter.php(326): CodeIgniter\CodeIgniter->handleRequest(NULL, Object(Config\Cache), false)
#3 C:\xamppPHP8\htdocs\GamerPoint\public\index.php(37): CodeIgniter\CodeIgniter->run()
#4 C:\xamppPHP8\htdocs\GamerPoint\system\Commands\Server\rewrite.php(43): require_once('C:\\xamppPHP8\\ht...')
#5 {main}
CRITICAL - 2022-05-14 17:36:17 --> Class "App\Model\CategoriasModel" not found
#0 C:\xamppPHP8\htdocs\GamerPoint\system\CodeIgniter.php(832): App\Controllers\itemController->showInsert()
#1 C:\xamppPHP8\htdocs\GamerPoint\system\CodeIgniter.php(419): CodeIgniter\CodeIgniter->runController(Object(App\Controllers\itemController))
#2 C:\xamppPHP8\htdocs\GamerPoint\system\CodeIgniter.php(326): CodeIgniter\CodeIgniter->handleRequest(NULL, Object(Config\Cache), false)
#3 C:\xamppPHP8\htdocs\GamerPoint\public\index.php(37): CodeIgniter\CodeIgniter->run()
#4 C:\xamppPHP8\htdocs\GamerPoint\system\Commands\Server\rewrite.php(43): require_once('C:\\xamppPHP8\\ht...')
#5 {main}
CRITICAL - 2022-05-14 17:36:27 --> Class "App\Model\CategoriasModel" not found
#0 C:\xamppPHP8\htdocs\GamerPoint\system\CodeIgniter.php(832): App\Controllers\itemController->showInsert()
#1 C:\xamppPHP8\htdocs\GamerPoint\system\CodeIgniter.php(419): CodeIgniter\CodeIgniter->runController(Object(App\Controllers\itemController))
#2 C:\xamppPHP8\htdocs\GamerPoint\system\CodeIgniter.php(326): CodeIgniter\CodeIgniter->handleRequest(NULL, Object(Config\Cache), false)
#3 C:\xamppPHP8\htdocs\GamerPoint\public\index.php(37): CodeIgniter\CodeIgniter->run()
#4 C:\xamppPHP8\htdocs\GamerPoint\system\Commands\Server\rewrite.php(43): require_once('C:\\xamppPHP8\\ht...')
#5 {main}
CRITICAL - 2022-05-14 17:36:57 --> Class "App\Model\CategoriasModel" not found
#0 C:\xamppPHP8\htdocs\GamerPoint\system\CodeIgniter.php(832): App\Controllers\itemController->showInsert()
#1 C:\xamppPHP8\htdocs\GamerPoint\system\CodeIgniter.php(419): CodeIgniter\CodeIgniter->runController(Object(App\Controllers\itemController))
#2 C:\xamppPHP8\htdocs\GamerPoint\system\CodeIgniter.php(326): CodeIgniter\CodeIgniter->handleRequest(NULL, Object(Config\Cache), false)
#3 C:\xamppPHP8\htdocs\GamerPoint\public\index.php(37): CodeIgniter\CodeIgniter->run()
#4 C:\xamppPHP8\htdocs\GamerPoint\system\Commands\Server\rewrite.php(43): require_once('C:\\xamppPHP8\\ht...')
#5 {main}
CRITICAL - 2022-05-14 17:37:44 --> Class "App\Model\CategoriasModel" not found
#0 C:\xamppPHP8\htdocs\GamerPoint\system\CodeIgniter.php(832): App\Controllers\itemController->showInsert()
#1 C:\xamppPHP8\htdocs\GamerPoint\system\CodeIgniter.php(419): CodeIgniter\CodeIgniter->runController(Object(App\Controllers\itemController))
#2 C:\xamppPHP8\htdocs\GamerPoint\system\CodeIgniter.php(326): CodeIgniter\CodeIgniter->handleRequest(NULL, Object(Config\Cache), false)
#3 C:\xamppPHP8\htdocs\GamerPoint\public\index.php(37): CodeIgniter\CodeIgniter->run()
#4 C:\xamppPHP8\htdocs\GamerPoint\system\Commands\Server\rewrite.php(43): require_once('C:\\xamppPHP8\\ht...')
#5 {main}
CRITICAL - 2022-05-14 17:38:48 --> Class "App\Model\CategoriasModel" not found
#0 C:\xamppPHP8\htdocs\GamerPoint\system\CodeIgniter.php(832): App\Controllers\itemController->showInsert()
#1 C:\xamppPHP8\htdocs\GamerPoint\system\CodeIgniter.php(419): CodeIgniter\CodeIgniter->runController(Object(App\Controllers\itemController))
#2 C:\xamppPHP8\htdocs\GamerPoint\system\CodeIgniter.php(326): CodeIgniter\CodeIgniter->handleRequest(NULL, Object(Config\Cache), false)
#3 C:\xamppPHP8\htdocs\GamerPoint\public\index.php(37): CodeIgniter\CodeIgniter->run()
#4 C:\xamppPHP8\htdocs\GamerPoint\system\Commands\Server\rewrite.php(43): require_once('C:\\xamppPHP8\\ht...')
#5 {main}
CRITICAL - 2022-05-14 17:38:51 --> Class "App\Model\CategoriasModel" not found
#0 C:\xamppPHP8\htdocs\GamerPoint\system\CodeIgniter.php(832): App\Controllers\itemController->showInsert()
#1 C:\xamppPHP8\htdocs\GamerPoint\system\CodeIgniter.php(419): CodeIgniter\CodeIgniter->runController(Object(App\Controllers\itemController))
#2 C:\xamppPHP8\htdocs\GamerPoint\system\CodeIgniter.php(326): CodeIgniter\CodeIgniter->handleRequest(NULL, Object(Config\Cache), false)
#3 C:\xamppPHP8\htdocs\GamerPoint\public\index.php(37): CodeIgniter\CodeIgniter->run()
#4 C:\xamppPHP8\htdocs\GamerPoint\system\Commands\Server\rewrite.php(43): require_once('C:\\xamppPHP8\\ht...')
#5 {main}
CRITICAL - 2022-05-14 17:40:16 --> Class "App\Model\CategoriasModel" not found
#0 C:\xamppPHP8\htdocs\GamerPoint\system\CodeIgniter.php(832): App\Controllers\itemController->showInsert()
#1 C:\xamppPHP8\htdocs\GamerPoint\system\CodeIgniter.php(419): CodeIgniter\CodeIgniter->runController(Object(App\Controllers\itemController))
#2 C:\xamppPHP8\htdocs\GamerPoint\system\CodeIgniter.php(326): CodeIgniter\CodeIgniter->handleRequest(NULL, Object(Config\Cache), false)
#3 C:\xamppPHP8\htdocs\GamerPoint\public\index.php(37): CodeIgniter\CodeIgniter->run()
#4 C:\xamppPHP8\htdocs\GamerPoint\system\Commands\Server\rewrite.php(43): require_once('C:\\xamppPHP8\\ht...')
#5 {main}
CRITICAL - 2022-05-14 17:40:41 --> Class "App\Model\CategoriasModel" not found
#0 C:\xamppPHP8\htdocs\GamerPoint\system\CodeIgniter.php(832): App\Controllers\itemController->showInsert()
#1 C:\xamppPHP8\htdocs\GamerPoint\system\CodeIgniter.php(419): CodeIgniter\CodeIgniter->runController(Object(App\Controllers\itemController))
#2 C:\xamppPHP8\htdocs\GamerPoint\system\CodeIgniter.php(326): CodeIgniter\CodeIgniter->handleRequest(NULL, Object(Config\Cache), false)
#3 C:\xamppPHP8\htdocs\GamerPoint\public\index.php(37): CodeIgniter\CodeIgniter->run()
#4 C:\xamppPHP8\htdocs\GamerPoint\system\Commands\Server\rewrite.php(43): require_once('C:\\xamppPHP8\\ht...')
#5 {main}
CRITICAL - 2022-05-14 17:40:49 --> Class "App\Model\CategoriasModel" not found
#0 C:\xamppPHP8\htdocs\GamerPoint\system\CodeIgniter.php(832): App\Controllers\itemController->showInsert()
#1 C:\xamppPHP8\htdocs\GamerPoint\system\CodeIgniter.php(419): CodeIgniter\CodeIgniter->runController(Object(App\Controllers\itemController))
#2 C:\xamppPHP8\htdocs\GamerPoint\system\CodeIgniter.php(326): CodeIgniter\CodeIgniter->handleRequest(NULL, Object(Config\Cache), false)
#3 C:\xamppPHP8\htdocs\GamerPoint\public\index.php(37): CodeIgniter\CodeIgniter->run()
#4 C:\xamppPHP8\htdocs\GamerPoint\system\Commands\Server\rewrite.php(43): require_once('C:\\xamppPHP8\\ht...')
#5 {main}
CRITICAL - 2022-05-14 17:41:10 --> Class "App\Model\CategoriasModel" not found
#0 C:\xamppPHP8\htdocs\GamerPoint\system\CodeIgniter.php(832): App\Controllers\itemController->showInsert()
#1 C:\xamppPHP8\htdocs\GamerPoint\system\CodeIgniter.php(419): CodeIgniter\CodeIgniter->runController(Object(App\Controllers\itemController))
#2 C:\xamppPHP8\htdocs\GamerPoint\system\CodeIgniter.php(326): CodeIgniter\CodeIgniter->handleRequest(NULL, Object(Config\Cache), false)
#3 C:\xamppPHP8\htdocs\GamerPoint\public\index.php(37): CodeIgniter\CodeIgniter->run()
#4 C:\xamppPHP8\htdocs\GamerPoint\system\Commands\Server\rewrite.php(43): require_once('C:\\xamppPHP8\\ht...')
#5 {main}
CRITICAL - 2022-05-14 17:41:15 --> Class "App\Model\CategoriasModel" not found
#0 C:\xamppPHP8\htdocs\GamerPoint\system\CodeIgniter.php(832): App\Controllers\itemController->showInsert()
#1 C:\xamppPHP8\htdocs\GamerPoint\system\CodeIgniter.php(419): CodeIgniter\CodeIgniter->runController(Object(App\Controllers\itemController))
#2 C:\xamppPHP8\htdocs\GamerPoint\system\CodeIgniter.php(326): CodeIgniter\CodeIgniter->handleRequest(NULL, Object(Config\Cache), false)
#3 C:\xamppPHP8\htdocs\GamerPoint\public\index.php(37): CodeIgniter\CodeIgniter->run()
#4 C:\xamppPHP8\htdocs\GamerPoint\system\Commands\Server\rewrite.php(43): require_once('C:\\xamppPHP8\\ht...')
#5 {main}
CRITICAL - 2022-05-14 17:41:54 --> Class "App\Model\CategoriasModel" not found
#0 C:\xamppPHP8\htdocs\GamerPoint\system\CodeIgniter.php(832): App\Controllers\itemController->showInsert()
#1 C:\xamppPHP8\htdocs\GamerPoint\system\CodeIgniter.php(419): CodeIgniter\CodeIgniter->runController(Object(App\Controllers\itemController))
#2 C:\xamppPHP8\htdocs\GamerPoint\system\CodeIgniter.php(326): CodeIgniter\CodeIgniter->handleRequest(NULL, Object(Config\Cache), false)
#3 C:\xamppPHP8\htdocs\GamerPoint\public\index.php(37): CodeIgniter\CodeIgniter->run()
#4 C:\xamppPHP8\htdocs\GamerPoint\system\Commands\Server\rewrite.php(43): require_once('C:\\xamppPHP8\\ht...')
#5 {main}
CRITICAL - 2022-05-14 17:43:12 --> Class "App\Model\CategoriasModel" not found
#0 C:\xamppPHP8\htdocs\GamerPoint\system\CodeIgniter.php(832): App\Controllers\itemController->showInsert()
#1 C:\xamppPHP8\htdocs\GamerPoint\system\CodeIgniter.php(419): CodeIgniter\CodeIgniter->runController(Object(App\Controllers\itemController))
#2 C:\xamppPHP8\htdocs\GamerPoint\system\CodeIgniter.php(326): CodeIgniter\CodeIgniter->handleRequest(NULL, Object(Config\Cache), false)
#3 C:\xamppPHP8\htdocs\GamerPoint\public\index.php(37): CodeIgniter\CodeIgniter->run()
#4 C:\xamppPHP8\htdocs\GamerPoint\system\Commands\Server\rewrite.php(43): require_once('C:\\xamppPHP8\\ht...')
#5 {main}
CRITICAL - 2022-05-14 17:43:14 --> Class "App\Model\CategoriasModel" not found
#0 C:\xamppPHP8\htdocs\GamerPoint\system\CodeIgniter.php(832): App\Controllers\itemController->showInsert()
#1 C:\xamppPHP8\htdocs\GamerPoint\system\CodeIgniter.php(419): CodeIgniter\CodeIgniter->runController(Object(App\Controllers\itemController))
#2 C:\xamppPHP8\htdocs\GamerPoint\system\CodeIgniter.php(326): CodeIgniter\CodeIgniter->handleRequest(NULL, Object(Config\Cache), false)
#3 C:\xamppPHP8\htdocs\GamerPoint\public\index.php(37): CodeIgniter\CodeIgniter->run()
#4 C:\xamppPHP8\htdocs\GamerPoint\system\Commands\Server\rewrite.php(43): require_once('C:\\xamppPHP8\\ht...')
#5 {main}
CRITICAL - 2022-05-14 17:43:15 --> Class "App\Model\CategoriasModel" not found
#0 C:\xamppPHP8\htdocs\GamerPoint\system\CodeIgniter.php(832): App\Controllers\itemController->showInsert()
#1 C:\xamppPHP8\htdocs\GamerPoint\system\CodeIgniter.php(419): CodeIgniter\CodeIgniter->runController(Object(App\Controllers\itemController))
#2 C:\xamppPHP8\htdocs\GamerPoint\system\CodeIgniter.php(326): CodeIgniter\CodeIgniter->handleRequest(NULL, Object(Config\Cache), false)
#3 C:\xamppPHP8\htdocs\GamerPoint\public\index.php(37): CodeIgniter\CodeIgniter->run()
#4 C:\xamppPHP8\htdocs\GamerPoint\system\Commands\Server\rewrite.php(43): require_once('C:\\xamppPHP8\\ht...')
#5 {main}
CRITICAL - 2022-05-14 17:43:24 --> Class "App\Model\CategoriasModel" not found
#0 C:\xamppPHP8\htdocs\GamerPoint\system\CodeIgniter.php(832): App\Controllers\itemController->showInsert()
#1 C:\xamppPHP8\htdocs\GamerPoint\system\CodeIgniter.php(419): CodeIgniter\CodeIgniter->runController(Object(App\Controllers\itemController))
#2 C:\xamppPHP8\htdocs\GamerPoint\system\CodeIgniter.php(326): CodeIgniter\CodeIgniter->handleRequest(NULL, Object(Config\Cache), false)
#3 C:\xamppPHP8\htdocs\GamerPoint\public\index.php(37): CodeIgniter\CodeIgniter->run()
#4 C:\xamppPHP8\htdocs\GamerPoint\system\Commands\Server\rewrite.php(43): require_once('C:\\xamppPHP8\\ht...')
#5 {main}
CRITICAL - 2022-05-14 17:46:20 --> Class "app\Model\CategoriasModel" not found
#0 C:\xamppPHP8\htdocs\GamerPoint\system\CodeIgniter.php(832): App\Controllers\itemController->showInsert()
#1 C:\xamppPHP8\htdocs\GamerPoint\system\CodeIgniter.php(419): CodeIgniter\CodeIgniter->runController(Object(App\Controllers\itemController))
#2 C:\xamppPHP8\htdocs\GamerPoint\system\CodeIgniter.php(326): CodeIgniter\CodeIgniter->handleRequest(NULL, Object(Config\Cache), false)
#3 C:\xamppPHP8\htdocs\GamerPoint\public\index.php(37): CodeIgniter\CodeIgniter->run()
#4 C:\xamppPHP8\htdocs\GamerPoint\system\Commands\Server\rewrite.php(43): require_once('C:\\xamppPHP8\\ht...')
#5 {main}
CRITICAL - 2022-05-14 17:46:23 --> Class "app\Model\CategoriasModel" not found
#0 C:\xamppPHP8\htdocs\GamerPoint\system\CodeIgniter.php(832): App\Controllers\itemController->showInsert()
#1 C:\xamppPHP8\htdocs\GamerPoint\system\CodeIgniter.php(419): CodeIgniter\CodeIgniter->runController(Object(App\Controllers\itemController))
#2 C:\xamppPHP8\htdocs\GamerPoint\system\CodeIgniter.php(326): CodeIgniter\CodeIgniter->handleRequest(NULL, Object(Config\Cache), false)
#3 C:\xamppPHP8\htdocs\GamerPoint\public\index.php(37): CodeIgniter\CodeIgniter->run()
#4 C:\xamppPHP8\htdocs\GamerPoint\system\Commands\Server\rewrite.php(43): require_once('C:\\xamppPHP8\\ht...')
#5 {main}
CRITICAL - 2022-05-14 17:46:23 --> Class "app\Model\CategoriasModel" not found
#0 C:\xamppPHP8\htdocs\GamerPoint\system\CodeIgniter.php(832): App\Controllers\itemController->showInsert()
#1 C:\xamppPHP8\htdocs\GamerPoint\system\CodeIgniter.php(419): CodeIgniter\CodeIgniter->runController(Object(App\Controllers\itemController))
#2 C:\xamppPHP8\htdocs\GamerPoint\system\CodeIgniter.php(326): CodeIgniter\CodeIgniter->handleRequest(NULL, Object(Config\Cache), false)
#3 C:\xamppPHP8\htdocs\GamerPoint\public\index.php(37): CodeIgniter\CodeIgniter->run()
#4 C:\xamppPHP8\htdocs\GamerPoint\system\Commands\Server\rewrite.php(43): require_once('C:\\xamppPHP8\\ht...')
#5 {main}
CRITICAL - 2022-05-14 17:46:50 --> Class "app\Modelss\CategoriasModel" not found
#0 C:\xamppPHP8\htdocs\GamerPoint\system\CodeIgniter.php(832): App\Controllers\itemController->showInsert()
#1 C:\xamppPHP8\htdocs\GamerPoint\system\CodeIgniter.php(419): CodeIgniter\CodeIgniter->runController(Object(App\Controllers\itemController))
#2 C:\xamppPHP8\htdocs\GamerPoint\system\CodeIgniter.php(326): CodeIgniter\CodeIgniter->handleRequest(NULL, Object(Config\Cache), false)
#3 C:\xamppPHP8\htdocs\GamerPoint\public\index.php(37): CodeIgniter\CodeIgniter->run()
#4 C:\xamppPHP8\htdocs\GamerPoint\system\Commands\Server\rewrite.php(43): require_once('C:\\xamppPHP8\\ht...')
#5 {main}
CRITICAL - 2022-05-14 17:47:06 --> Class "app\Model\CategoriasModel" not found
#0 C:\xamppPHP8\htdocs\GamerPoint\system\CodeIgniter.php(832): App\Controllers\itemController->showInsert()
#1 C:\xamppPHP8\htdocs\GamerPoint\system\CodeIgniter.php(419): CodeIgniter\CodeIgniter->runController(Object(App\Controllers\itemController))
#2 C:\xamppPHP8\htdocs\GamerPoint\system\CodeIgniter.php(326): CodeIgniter\CodeIgniter->handleRequest(NULL, Object(Config\Cache), false)
#3 C:\xamppPHP8\htdocs\GamerPoint\public\index.php(37): CodeIgniter\CodeIgniter->run()
#4 C:\xamppPHP8\htdocs\GamerPoint\system\Commands\Server\rewrite.php(43): require_once('C:\\xamppPHP8\\ht...')
#5 {main}
CRITICAL - 2022-05-14 17:47:15 --> Class "app\Model\CategoriasModel" not found
#0 C:\xamppPHP8\htdocs\GamerPoint\system\CodeIgniter.php(832): App\Controllers\itemController->showInsert()
#1 C:\xamppPHP8\htdocs\GamerPoint\system\CodeIgniter.php(419): CodeIgniter\CodeIgniter->runController(Object(App\Controllers\itemController))
#2 C:\xamppPHP8\htdocs\GamerPoint\system\CodeIgniter.php(326): CodeIgniter\CodeIgniter->handleRequest(NULL, Object(Config\Cache), false)
#3 C:\xamppPHP8\htdocs\GamerPoint\public\index.php(37): CodeIgniter\CodeIgniter->run()
#4 C:\xamppPHP8\htdocs\GamerPoint\system\Commands\Server\rewrite.php(43): require_once('C:\\xamppPHP8\\ht...')
#5 {main}
CRITICAL - 2022-05-14 17:47:19 --> Class "app\Model\CategoriasModel" not found
#0 C:\xamppPHP8\htdocs\GamerPoint\system\CodeIgniter.php(832): App\Controllers\itemController->showInsert()
#1 C:\xamppPHP8\htdocs\GamerPoint\system\CodeIgniter.php(419): CodeIgniter\CodeIgniter->runController(Object(App\Controllers\itemController))
#2 C:\xamppPHP8\htdocs\GamerPoint\system\CodeIgniter.php(326): CodeIgniter\CodeIgniter->handleRequest(NULL, Object(Config\Cache), false)
#3 C:\xamppPHP8\htdocs\GamerPoint\public\index.php(37): CodeIgniter\CodeIgniter->run()
#4 C:\xamppPHP8\htdocs\GamerPoint\system\Commands\Server\rewrite.php(43): require_once('C:\\xamppPHP8\\ht...')
#5 {main}
CRITICAL - 2022-05-14 17:47:26 --> Class "app\model\CategoriasModel" not found
#0 C:\xamppPHP8\htdocs\GamerPoint\system\CodeIgniter.php(832): App\Controllers\itemController->showInsert()
#1 C:\xamppPHP8\htdocs\GamerPoint\system\CodeIgniter.php(419): CodeIgniter\CodeIgniter->runController(Object(App\Controllers\itemController))
#2 C:\xamppPHP8\htdocs\GamerPoint\system\CodeIgniter.php(326): CodeIgniter\CodeIgniter->handleRequest(NULL, Object(Config\Cache), false)
#3 C:\xamppPHP8\htdocs\GamerPoint\public\index.php(37): CodeIgniter\CodeIgniter->run()
#4 C:\xamppPHP8\htdocs\GamerPoint\system\Commands\Server\rewrite.php(43): require_once('C:\\xamppPHP8\\ht...')
#5 {main}
CRITICAL - 2022-05-14 17:49:03 --> Class "App\Model\CategoriasModel" not found
#0 C:\xamppPHP8\htdocs\GamerPoint\system\CodeIgniter.php(832): App\Controllers\itemController->showInsert()
#1 C:\xamppPHP8\htdocs\GamerPoint\system\CodeIgniter.php(419): CodeIgniter\CodeIgniter->runController(Object(App\Controllers\itemController))
#2 C:\xamppPHP8\htdocs\GamerPoint\system\CodeIgniter.php(326): CodeIgniter\CodeIgniter->handleRequest(NULL, Object(Config\Cache), false)
#3 C:\xamppPHP8\htdocs\GamerPoint\public\index.php(37): CodeIgniter\CodeIgniter->run()
#4 C:\xamppPHP8\htdocs\GamerPoint\system\Commands\Server\rewrite.php(43): require_once('C:\\xamppPHP8\\ht...')
#5 {main}
CRITICAL - 2022-05-14 18:00:37 --> Class "App\Models\categoriesmodel" not found
#0 C:\xamppPHP8\htdocs\GamerPoint\system\CodeIgniter.php(832): App\Controllers\itemController->showInsert()
#1 C:\xamppPHP8\htdocs\GamerPoint\system\CodeIgniter.php(419): CodeIgniter\CodeIgniter->runController(Object(App\Controllers\itemController))
#2 C:\xamppPHP8\htdocs\GamerPoint\system\CodeIgniter.php(326): CodeIgniter\CodeIgniter->handleRequest(NULL, Object(Config\Cache), false)
#3 C:\xamppPHP8\htdocs\GamerPoint\public\index.php(37): CodeIgniter\CodeIgniter->run()
#4 C:\xamppPHP8\htdocs\GamerPoint\system\Commands\Server\rewrite.php(43): require_once('C:\\xamppPHP8\\ht...')
#5 {main}
CRITICAL - 2022-05-14 18:01:17 --> Class "App\Models\categoriesmodel" not found
#0 C:\xamppPHP8\htdocs\GamerPoint\system\CodeIgniter.php(832): App\Controllers\itemController->showInsert()
#1 C:\xamppPHP8\htdocs\GamerPoint\system\CodeIgniter.php(419): CodeIgniter\CodeIgniter->runController(Object(App\Controllers\itemController))
#2 C:\xamppPHP8\htdocs\GamerPoint\system\CodeIgniter.php(326): CodeIgniter\CodeIgniter->handleRequest(NULL, Object(Config\Cache), false)
#3 C:\xamppPHP8\htdocs\GamerPoint\public\index.php(37): CodeIgniter\CodeIgniter->run()
#4 C:\xamppPHP8\htdocs\GamerPoint\system\Commands\Server\rewrite.php(43): require_once('C:\\xamppPHP8\\ht...')
#5 {main}
CRITICAL - 2022-05-14 18:31:04 --> Class "App\Models\categoriesmodel" not found
#0 C:\xamppPHP8\htdocs\GamerPoint\system\CodeIgniter.php(832): App\Controllers\itemController->showInsert()
#1 C:\xamppPHP8\htdocs\GamerPoint\system\CodeIgniter.php(419): CodeIgniter\CodeIgniter->runController(Object(App\Controllers\itemController))
#2 C:\xamppPHP8\htdocs\GamerPoint\system\CodeIgniter.php(326): CodeIgniter\CodeIgniter->handleRequest(NULL, Object(Config\Cache), false)
#3 C:\xamppPHP8\htdocs\GamerPoint\public\index.php(37): CodeIgniter\CodeIgniter->run()
#4 C:\xamppPHP8\htdocs\GamerPoint\system\Commands\Server\rewrite.php(43): require_once('C:\\xamppPHP8\\ht...')
#5 {main}
CRITICAL - 2022-05-14 18:35:22 --> Class "App\Models\categoriesmodel" not found
#0 C:\xamppPHP8\htdocs\GamerPoint\system\CodeIgniter.php(832): App\Controllers\itemController->showInsert()
#1 C:\xamppPHP8\htdocs\GamerPoint\system\CodeIgniter.php(419): CodeIgniter\CodeIgniter->runController(Object(App\Controllers\itemController))
#2 C:\xamppPHP8\htdocs\GamerPoint\system\CodeIgniter.php(326): CodeIgniter\CodeIgniter->handleRequest(NULL, Object(Config\Cache), false)
#3 C:\xamppPHP8\htdocs\GamerPoint\public\index.php(37): CodeIgniter\CodeIgniter->run()
#4 C:\xamppPHP8\htdocs\GamerPoint\system\Commands\Server\rewrite.php(43): require_once('C:\\xamppPHP8\\ht...')
#5 {main}
CRITICAL - 2022-05-14 18:45:14 --> Class "App\Models\Categories" not found
#0 C:\xamppPHP8\htdocs\GamerPoint\system\CodeIgniter.php(832): App\Controllers\itemController->showInsert()
#1 C:\xamppPHP8\htdocs\GamerPoint\system\CodeIgniter.php(419): CodeIgniter\CodeIgniter->runController(Object(App\Controllers\itemController))
#2 C:\xamppPHP8\htdocs\GamerPoint\system\CodeIgniter.php(326): CodeIgniter\CodeIgniter->handleRequest(NULL, Object(Config\Cache), false)
#3 C:\xamppPHP8\htdocs\GamerPoint\public\index.php(37): CodeIgniter\CodeIgniter->run()
#4 C:\xamppPHP8\htdocs\GamerPoint\system\Commands\Server\rewrite.php(43): require_once('C:\\xamppPHP8\\ht...')
#5 {main}
CRITICAL - 2022-05-14 18:45:34 --> Class "App\Models\Categories" not found
#0 C:\xamppPHP8\htdocs\GamerPoint\system\CodeIgniter.php(832): App\Controllers\itemController->showInsert()
#1 C:\xamppPHP8\htdocs\GamerPoint\system\CodeIgniter.php(419): CodeIgniter\CodeIgniter->runController(Object(App\Controllers\itemController))
#2 C:\xamppPHP8\htdocs\GamerPoint\system\CodeIgniter.php(326): CodeIgniter\CodeIgniter->handleRequest(NULL, Object(Config\Cache), false)
#3 C:\xamppPHP8\htdocs\GamerPoint\public\index.php(37): CodeIgniter\CodeIgniter->run()
#4 C:\xamppPHP8\htdocs\GamerPoint\system\Commands\Server\rewrite.php(43): require_once('C:\\xamppPHP8\\ht...')
#5 {main}
CRITICAL - 2022-05-14 18:46:29 --> Class "App\Models\Categorias" not found
#0 C:\xamppPHP8\htdocs\GamerPoint\system\CodeIgniter.php(832): App\Controllers\itemController->showInsert()
#1 C:\xamppPHP8\htdocs\GamerPoint\system\CodeIgniter.php(419): CodeIgniter\CodeIgniter->runController(Object(App\Controllers\itemController))
#2 C:\xamppPHP8\htdocs\GamerPoint\system\CodeIgniter.php(326): CodeIgniter\CodeIgniter->handleRequest(NULL, Object(Config\Cache), false)
#3 C:\xamppPHP8\htdocs\GamerPoint\public\index.php(37): CodeIgniter\CodeIgniter->run()
#4 C:\xamppPHP8\htdocs\GamerPoint\system\Commands\Server\rewrite.php(43): require_once('C:\\xamppPHP8\\ht...')
#5 {main}
CRITICAL - 2022-05-14 18:46:36 --> Class "App\Controllers\Categorias" not found
#0 C:\xamppPHP8\htdocs\GamerPoint\system\CodeIgniter.php(832): App\Controllers\itemController->showInsert()
#1 C:\xamppPHP8\htdocs\GamerPoint\system\CodeIgniter.php(419): CodeIgniter\CodeIgniter->runController(Object(App\Controllers\itemController))
#2 C:\xamppPHP8\htdocs\GamerPoint\system\CodeIgniter.php(326): CodeIgniter\CodeIgniter->handleRequest(NULL, Object(Config\Cache), false)
#3 C:\xamppPHP8\htdocs\GamerPoint\public\index.php(37): CodeIgniter\CodeIgniter->run()
#4 C:\xamppPHP8\htdocs\GamerPoint\system\Commands\Server\rewrite.php(43): require_once('C:\\xamppPHP8\\ht...')
#5 {main}
CRITICAL - 2022-05-14 18:46:47 --> Class "App\Models\Categorias" not found
#0 C:\xamppPHP8\htdocs\GamerPoint\system\CodeIgniter.php(832): App\Controllers\itemController->showInsert()
#1 C:\xamppPHP8\htdocs\GamerPoint\system\CodeIgniter.php(419): CodeIgniter\CodeIgniter->runController(Object(App\Controllers\itemController))
#2 C:\xamppPHP8\htdocs\GamerPoint\system\CodeIgniter.php(326): CodeIgniter\CodeIgniter->handleRequest(NULL, Object(Config\Cache), false)
#3 C:\xamppPHP8\htdocs\GamerPoint\public\index.php(37): CodeIgniter\CodeIgniter->run()
#4 C:\xamppPHP8\htdocs\GamerPoint\system\Commands\Server\rewrite.php(43): require_once('C:\\xamppPHP8\\ht...')
#5 {main}
CRITICAL - 2022-05-14 18:47:01 --> Class "App\Models\Categorias" not found
#0 C:\xamppPHP8\htdocs\GamerPoint\system\CodeIgniter.php(832): App\Controllers\itemController->showInsert()
#1 C:\xamppPHP8\htdocs\GamerPoint\system\CodeIgniter.php(419): CodeIgniter\CodeIgniter->runController(Object(App\Controllers\itemController))
#2 C:\xamppPHP8\htdocs\GamerPoint\system\CodeIgniter.php(326): CodeIgniter\CodeIgniter->handleRequest(NULL, Object(Config\Cache), false)
#3 C:\xamppPHP8\htdocs\GamerPoint\public\index.php(37): CodeIgniter\CodeIgniter->run()
#4 C:\xamppPHP8\htdocs\GamerPoint\system\Commands\Server\rewrite.php(43): require_once('C:\\xamppPHP8\\ht...')
#5 {main}
CRITICAL - 2022-05-14 18:47:02 --> Class "App\Models\Categorias" not found
#0 C:\xamppPHP8\htdocs\GamerPoint\system\CodeIgniter.php(832): App\Controllers\itemController->showInsert()
#1 C:\xamppPHP8\htdocs\GamerPoint\system\CodeIgniter.php(419): CodeIgniter\CodeIgniter->runController(Object(App\Controllers\itemController))
#2 C:\xamppPHP8\htdocs\GamerPoint\system\CodeIgniter.php(326): CodeIgniter\CodeIgniter->handleRequest(NULL, Object(Config\Cache), false)
#3 C:\xamppPHP8\htdocs\GamerPoint\public\index.php(37): CodeIgniter\CodeIgniter->run()
#4 C:\xamppPHP8\htdocs\GamerPoint\system\Commands\Server\rewrite.php(43): require_once('C:\\xamppPHP8\\ht...')
#5 {main}
CRITICAL - 2022-05-14 18:47:05 --> Class "App\Models\Categorias" not found
#0 C:\xamppPHP8\htdocs\GamerPoint\system\CodeIgniter.php(832): App\Controllers\itemController->showInsert()
#1 C:\xamppPHP8\htdocs\GamerPoint\system\CodeIgniter.php(419): CodeIgniter\CodeIgniter->runController(Object(App\Controllers\itemController))
#2 C:\xamppPHP8\htdocs\GamerPoint\system\CodeIgniter.php(326): CodeIgniter\CodeIgniter->handleRequest(NULL, Object(Config\Cache), false)
#3 C:\xamppPHP8\htdocs\GamerPoint\public\index.php(37): CodeIgniter\CodeIgniter->run()
#4 C:\xamppPHP8\htdocs\GamerPoint\system\Commands\Server\rewrite.php(43): require_once('C:\\xamppPHP8\\ht...')
#5 {main}
CRITICAL - 2022-05-14 18:47:15 --> Class "App\Controllers\Categorias" not found
#0 C:\xamppPHP8\htdocs\GamerPoint\system\CodeIgniter.php(832): App\Controllers\itemController->showInsert()
#1 C:\xamppPHP8\htdocs\GamerPoint\system\CodeIgniter.php(419): CodeIgniter\CodeIgniter->runController(Object(App\Controllers\itemController))
#2 C:\xamppPHP8\htdocs\GamerPoint\system\CodeIgniter.php(326): CodeIgniter\CodeIgniter->handleRequest(NULL, Object(Config\Cache), false)
#3 C:\xamppPHP8\htdocs\GamerPoint\public\index.php(37): CodeIgniter\CodeIgniter->run()
#4 C:\xamppPHP8\htdocs\GamerPoint\system\Commands\Server\rewrite.php(43): require_once('C:\\xamppPHP8\\ht...')
#5 {main}
CRITICAL - 2022-05-14 18:52:13 --> Undefined variable $result
#0 C:\xamppPHP8\htdocs\GamerPoint\app\Views\insertItem.php(53): CodeIgniter\Debug\Exceptions->errorHandler(2, 'Undefined varia...', 'C:\\xamppPHP8\\ht...', 53)
#1 C:\xamppPHP8\htdocs\GamerPoint\system\View\View.php(210): include('C:\\xamppPHP8\\ht...')
#2 C:\xamppPHP8\htdocs\GamerPoint\system\View\View.php(213): CodeIgniter\View\View->CodeIgniter\View\{closure}()
#3 C:\xamppPHP8\htdocs\GamerPoint\system\Common.php(1089): CodeIgniter\View\View->render('insertItem', Array, true)
#4 C:\xamppPHP8\htdocs\GamerPoint\app\Controllers\itemController.php(14): view('insertItem', Array)
#5 C:\xamppPHP8\htdocs\GamerPoint\system\CodeIgniter.php(832): App\Controllers\itemController->showInsert()
#6 C:\xamppPHP8\htdocs\GamerPoint\system\CodeIgniter.php(419): CodeIgniter\CodeIgniter->runController(Object(App\Controllers\itemController))
#7 C:\xamppPHP8\htdocs\GamerPoint\system\CodeIgniter.php(326): CodeIgniter\CodeIgniter->handleRequest(NULL, Object(Config\Cache), false)
#8 C:\xamppPHP8\htdocs\GamerPoint\public\index.php(37): CodeIgniter\CodeIgniter->run()
#9 C:\xamppPHP8\htdocs\GamerPoint\system\Commands\Server\rewrite.php(43): require_once('C:\\xamppPHP8\\ht...')
#10 {main}
CRITICAL - 2022-05-14 20:22:28 --> Undefined array key "nome"
#0 C:\xamppPHP8\htdocs\GamerPoint\app\Views\insertItem.php(54): CodeIgniter\Debug\Exceptions->errorHandler(2, 'Undefined array...', 'C:\\xamppPHP8\\ht...', 54)
#1 C:\xamppPHP8\htdocs\GamerPoint\system\View\View.php(210): include('C:\\xamppPHP8\\ht...')
#2 C:\xamppPHP8\htdocs\GamerPoint\system\View\View.php(213): CodeIgniter\View\View->CodeIgniter\View\{closure}()
#3 C:\xamppPHP8\htdocs\GamerPoint\system\Common.php(1089): CodeIgniter\View\View->render('insertItem', Array, true)
#4 C:\xamppPHP8\htdocs\GamerPoint\app\Controllers\itemController.php(14): view('insertItem', Array)
#5 C:\xamppPHP8\htdocs\GamerPoint\system\CodeIgniter.php(832): App\Controllers\itemController->showInsert()
#6 C:\xamppPHP8\htdocs\GamerPoint\system\CodeIgniter.php(419): CodeIgniter\CodeIgniter->runController(Object(App\Controllers\itemController))
#7 C:\xamppPHP8\htdocs\GamerPoint\system\CodeIgniter.php(326): CodeIgniter\CodeIgniter->handleRequest(NULL, Object(Config\Cache), false)
#8 C:\xamppPHP8\htdocs\GamerPoint\public\index.php(37): CodeIgniter\CodeIgniter->run()
#9 C:\xamppPHP8\htdocs\GamerPoint\system\Commands\Server\rewrite.php(43): require_once('C:\\xamppPHP8\\ht...')
#10 {main}
